<?xml version="1.0" encoding="UTF-8"?>
<!-- Generated by org.testng.reporters.JUnitReportReporter -->
<testsuite hostname="DESKTOP-J5AMVUJ" failures="0" tests="1" name="TestApp" time="8.338" errors="0" timestamp="2020-03-31T14:14:32 IST" skipped="0">
  <testcase classname="TestApp" name="test" time="8.338"/>
</testsuite> <!-- TestApp -->
