<?xml version="1.0" encoding="UTF-8"?>
<!-- Generated by org.testng.reporters.JUnitReportReporter -->
<testsuite hostname="DESKTOP-J5AMVUJ" failures="0" tests="1" name="TestApp" time="2.206" errors="0" timestamp="2020-03-31T00:20:21 IST" skipped="0">
  <testcase classname="TestApp" name="test" time="2.206"/>
</testsuite> <!-- TestApp -->
