<?xml version="1.0" encoding="UTF-8"?>
<!-- Generated by org.testng.reporters.JUnitReportReporter -->
<testsuite hostname="DESKTOP-J5AMVUJ" failures="0" tests="1" name="TestApp" time="7.988" errors="0" timestamp="2020-04-10T23:36:22 IST" skipped="0">
  <testcase classname="TestApp" name="test" time="7.988"/>
</testsuite> <!-- TestApp -->
