<?xml version="1.0" encoding="UTF-8"?>
<!-- Generated by org.testng.reporters.JUnitReportReporter -->
<testsuite hostname="DESKTOP-J5AMVUJ" failures="0" tests="1" name="TestApp" time="2.368" errors="0" timestamp="2020-03-30T16:36:40 IST" skipped="0">
  <testcase classname="TestApp" name="test" time="2.368"/>
</testsuite> <!-- TestApp -->
