<?xml version="1.0" encoding="UTF-8"?>
<!-- Generated by org.testng.reporters.JUnitReportReporter -->
<testsuite hostname="DESKTOP-J5AMVUJ" failures="0" tests="1" name="TestApp" time="2.165" errors="0" timestamp="29 Mar 2020 07:27:01 GMT" skipped="0">
  <testcase classname="TestApp" name="test" time="2.165"/>
</testsuite> <!-- TestApp -->
