<?xml version="1.0" encoding="UTF-8"?>
<!-- Generated by org.testng.reporters.JUnitReportReporter -->
<testsuite hostname="DESKTOP-J5AMVUJ" failures="0" tests="1" name="TestApp" time="2.512" errors="0" timestamp="30 Mar 2020 18:47:04 GMT" skipped="0">
  <testcase classname="TestApp" name="test" time="2.512"/>
</testsuite> <!-- TestApp -->
